###############################################################################
#
# IAR ANSI C/C++ Compiler V7.20.1.7305/W32 for ARM        13/Jun/2016  14:19:59
# Copyright 1999-2014 IAR Systems AB.
#
#    Cpu mode     =  thumb
#    Endian       =  little
#    Source file  =  
#        C:\Users\weifeng\Desktop\EIE\EIE_Git\Razor_Atmel\firmware_mpg_common\application\user_app.c
#    Command line =  
#        C:\Users\weifeng\Desktop\EIE\EIE_Git\Razor_Atmel\firmware_mpg_common\application\user_app.c
#        -D MPGL1 -D MPG1 --preprocess=cl
#        C:\Users\weifeng\Desktop\EIE\EIE_Git\Razor_Atmel\firmware_mpgl1\iar_7_20_1\Debug\List\
#        -lC
#        C:\Users\weifeng\Desktop\EIE\EIE_Git\Razor_Atmel\firmware_mpgl1\iar_7_20_1\Debug\List\
#        -o
#        C:\Users\weifeng\Desktop\EIE\EIE_Git\Razor_Atmel\firmware_mpgl1\iar_7_20_1\Debug\Obj\
#        --no_cse --no_unroll --no_inline --no_code_motion --no_tbaa
#        --no_clustering --no_scheduling --debug --endian=little
#        --cpu=Cortex-M3 -e --fpu=None --dlib_config
#        E:\EIE\bbb\arm\INC\c\DLib_Config_Normal.h -I
#        C:\Users\weifeng\Desktop\EIE\EIE_Git\Razor_Atmel\firmware_mpgl1\iar_7_20_1\
#        -I
#        C:\Users\weifeng\Desktop\EIE\EIE_Git\Razor_Atmel\firmware_mpgl1\iar_7_20_1\..\bsp\
#        -I
#        C:\Users\weifeng\Desktop\EIE\EIE_Git\Razor_Atmel\firmware_mpgl1\iar_7_20_1\..\drivers\
#        -I
#        C:\Users\weifeng\Desktop\EIE\EIE_Git\Razor_Atmel\firmware_mpgl1\iar_7_20_1\..\application\
#        -I
#        C:\Users\weifeng\Desktop\EIE\EIE_Git\Razor_Atmel\firmware_mpgl1\iar_7_20_1\..\..\firmware_mpg_common\
#        -I
#        C:\Users\weifeng\Desktop\EIE\EIE_Git\Razor_Atmel\firmware_mpgl1\iar_7_20_1\..\..\firmware_mpg_common\application\
#        -I
#        C:\Users\weifeng\Desktop\EIE\EIE_Git\Razor_Atmel\firmware_mpgl1\iar_7_20_1\..\..\firmware_mpg_common\cmsis\
#        -I
#        C:\Users\weifeng\Desktop\EIE\EIE_Git\Razor_Atmel\firmware_mpgl1\iar_7_20_1\..\..\firmware_mpg_common\drivers\
#        -On --use_c++_inline -I E:\EIE\bbb\arm\CMSIS\Include\
#    List file    =  
#        C:\Users\weifeng\Desktop\EIE\EIE_Git\Razor_Atmel\firmware_mpgl1\iar_7_20_1\Debug\List\user_app.lst
#    Object file  =  
#        C:\Users\weifeng\Desktop\EIE\EIE_Git\Razor_Atmel\firmware_mpgl1\iar_7_20_1\Debug\Obj\user_app.o
#
###############################################################################

C:\Users\weifeng\Desktop\EIE\EIE_Git\Razor_Atmel\firmware_mpg_common\application\user_app.c
      1          /**********************************************************************************************************************
      2          File: user_app.c                                                                
      3          
      4          ----------------------------------------------------------------------------------------------------------------------
      5          To start a new task using this user_app as a template:
      6           1. Copy both user_app.c and user_app.h to the Application directory
      7           2. Rename the files yournewtaskname.c and yournewtaskname.h
      8           3. Add yournewtaskname.c and yournewtaskname.h to the Application Include and Source groups in the IAR project
      9           4. Use ctrl-h (make sure "Match Case" is checked) to find and replace all instances of "user_app" with "yournewtaskname"
     10           5. Use ctrl-h to find and replace all instances of "UserApp" with "YourNewTaskName"
     11           6. Use ctrl-h to find and replace all instances of "USER_APP" with "YOUR_NEW_TASK_NAME"
     12           7. Add a call to YourNewTaskNameInitialize() in the init section of main
     13           8. Add a call to YourNewTaskNameRunActiveState() in the Super Loop section of main
     14           9. Update yournewtaskname.h per the instructions at the top of yournewtaskname.h
     15          10. Delete this text (between the dashed lines) and update the Description below to describe your task
     16          ----------------------------------------------------------------------------------------------------------------------
     17          
     18          Description:
     19          This is a user_app.c file template 
     20          
     21          ------------------------------------------------------------------------------------------------------------------------
     22          API:
     23          
     24          Public functions:
     25          
     26          
     27          Protected System functions:
     28          void UserAppInitialize(void)
     29          Runs required initialzation for the task.  Should only be called once in main init section.
     30          
     31          void UserAppRunActiveState(void)
     32          Runs current task state.  Should only be called once in main loop.
     33          
     34          
     35          **********************************************************************************************************************/
     36          
     37          #include "configuration.h"
     38          
     39          /***********************************************************************************************************************
     40          Global variable definitions with scope across entire project.
     41          All Global variable names shall start with "G_"
     42          ***********************************************************************************************************************/
     43          /* New variables */

   \                                 In section .bss, align 4
     44          volatile u32 G_u32UserAppFlags;                       /* Global state flags */
   \                     G_u32UserAppFlags:
   \   00000000                      DS8 4
     45          
     46          
     47          /*--------------------------------------------------------------------------------------------------------------------*/
     48          /* Existing variables (defined in other files -- should all contain the "extern" keyword) */
     49          extern volatile u32 G_u32SystemFlags;                  /* From main.c */
     50          extern volatile u32 G_u32ApplicationFlags;             /* From main.c */
     51          
     52          extern volatile u32 G_u32SystemTime1ms;                /* From board-specific source file */
     53          extern volatile u32 G_u32SystemTime1s;                 /* From board-specific source file */
     54          
     55          
     56          /***********************************************************************************************************************
     57          Global variable definitions with scope limited to this local application.
     58          Variable names shall start with "UserApp_" and be declared as static.
     59          ***********************************************************************************************************************/

   \                                 In section .bss, align 4
     60          static fnCode_type UserApp_StateMachine;            /* The state machine function pointer */
   \                     UserApp_StateMachine:
   \   00000000                      DS8 4
     61          static u32 UserApp_u32Timeout;                      /* Timeout counter used across states */
     62          
     63          
     64          /**********************************************************************************************************************
     65          Function Definitions
     66          **********************************************************************************************************************/
     67          
     68          /*--------------------------------------------------------------------------------------------------------------------*/
     69          /* Public functions                                                                                                   */
     70          /*--------------------------------------------------------------------------------------------------------------------*/
     71          
     72          
     73          /*--------------------------------------------------------------------------------------------------------------------*/
     74          /* Protected functions                                                                                                */
     75          /*--------------------------------------------------------------------------------------------------------------------*/
     76          
     77          /*--------------------------------------------------------------------------------------------------------------------
     78          Function: UserAppInitialize
     79          
     80          Description:
     81          Initializes the State Machine and its variables.
     82          
     83          Requires:
     84            -
     85          
     86          Promises:
     87            - 
     88          */

   \                                 In section .text, align 2, keep-with-next
     89          void UserAppInitialize(void)
     90          {
   \                     UserAppInitialize: (+1)
   \   00000000   0xB500             PUSH     {LR}
   \   00000002   0xB08B             SUB      SP,SP,#+44
     91            PWMAudioSetFrequency(BUZZER1, 1000);
   \   00000004   0xF44F 0x717A      MOV      R1,#+1000
   \   00000008   0x2001             MOVS     R0,#+1
   \   0000000A   0x.... 0x....      BL       PWMAudioSetFrequency
     92          
     93            u8 au8GameName[] = "  Avoid the brick!";
   \   0000000E   0xA805             ADD      R0,SP,#+20
   \   00000010   0x....             LDR.N    R1,??DataTable2_2
   \   00000012   0x2213             MOVS     R2,#+19
   \   00000014   0x.... 0x....      BL       __aeabi_memcpy
     94            u8 au8Instructions[] = "Press BUTTON0 start";
   \   00000018   0xA800             ADD      R0,SP,#+0
   \   0000001A   0x....             LDR.N    R1,??DataTable2_3
   \   0000001C   0x2214             MOVS     R2,#+20
   \   0000001E   0x.... 0x....      BL       __aeabi_memcpy4
     95            static u8 UserApp_CursorPosition = LINE2_END_ADDR;
                             ^
Warning[Pe177]: variable "UserApp_CursorPosition" was declared but never
          referenced
     96            
     97            /* Clear screen and place start messages */
     98            LCDCommand(LCD_CLEAR_CMD);
   \   00000022   0x2001             MOVS     R0,#+1
   \   00000024   0x.... 0x....      BL       LCDCommand
     99            LCDMessage(LINE1_START_ADDR, au8GameName); 
   \   00000028   0xA905             ADD      R1,SP,#+20
   \   0000002A   0x2000             MOVS     R0,#+0
   \   0000002C   0x.... 0x....      BL       LCDMessage
    100            LCDMessage(LINE2_START_ADDR, au8Instructions); 
   \   00000030   0xA900             ADD      R1,SP,#+0
   \   00000032   0x2040             MOVS     R0,#+64
   \   00000034   0x.... 0x....      BL       LCDMessage
    101            /* If good initialization, set state to Idle */
    102            if( 1 )
    103            {
    104              UserApp_StateMachine = UserAppSM_Idle;
   \   00000038   0x.... 0x....      ADR.W    R0,UserAppSM_Idle
   \   0000003C   0x....             LDR.N    R1,??DataTable2_4
   \   0000003E   0x6008             STR      R0,[R1, #+0]
    105            }
    106            else
    107            {
    108              /* The task isn't properly initialized, so shut it down and don't run */
    109              UserApp_StateMachine = UserAppSM_FailedInit;
    110            }
    111          
    112          } /* end UserAppInitialize() */
   \   00000040   0xB00B             ADD      SP,SP,#+44
   \   00000042   0xBD00             POP      {PC}             ;; return
    113          
    114          
    115          /*----------------------------------------------------------------------------------------------------------------------
    116          Function UserAppRunActiveState()
    117          
    118          Description:
    119          Selects and runs one iteration of the current state in the state machine.
    120          All state machines have a TOTAL of 1ms to execute, so on average n state machines
    121          may take 1ms / n to execute.
    122          
    123          Requires:
    124            - State machine function pointer points at current state
    125          
    126          Promises:
    127            - Calls the function to pointed by the state machine function pointer
    128          */

   \                                 In section .text, align 2, keep-with-next
    129          void UserAppRunActiveState(void)
    130          {
   \                     UserAppRunActiveState: (+1)
   \   00000000   0xB580             PUSH     {R7,LR}
    131            UserApp_StateMachine();
   \   00000002   0x....             LDR.N    R0,??DataTable2_4
   \   00000004   0x6800             LDR      R0,[R0, #+0]
   \   00000006   0x4780             BLX      R0
    132          
    133          } /* end UserAppRunActiveState */
   \   00000008   0xBD01             POP      {R0,PC}          ;; return
    134          
    135          
    136          /*--------------------------------------------------------------------------------------------------------------------*/
    137          /* Private functions                                                                                                  */
    138          /*--------------------------------------------------------------------------------------------------------------------*/
    139          
    140          
    141          /**********************************************************************************************************************
    142          State Machine Function Definitions
    143          **********************************************************************************************************************/
    144          
    145          /*-------------------------------------------------------------------------------------------------------------------*/
    146          /* Wait for a message to be queued */

   \                                 In section .text, align 4, keep-with-next
    147          static void UserAppSM_Idle(void)
    148          {
   \                     UserAppSM_Idle: (+1)
   \   00000000   0xB580             PUSH     {R7,LR}
    149            static u8 counter0=0;
    150            static u8 counter1=0;
    151            static u8 flag=FALSE;
    152            static u8 flag1=FALSE;
    153            static u8 flag2=TRUE;
    154            static u8 flag3=FALSE;
    155            static u8 DelayTime=500;
                                       ^
Warning[Pe069]: integer conversion resulted in truncation
    156            static u8 UserApp_CursorPosition = LINE2_END_ADDR;
    157            static u8 u8number[1000];
    158            srand((unsigned) time(NULL));
                                    ^
Warning[Pe223]: function "time" declared implicitly
   \   00000002   0x2000             MOVS     R0,#+0
   \   00000004   0x.... 0x....      BL       time
   \   00000008   0x.... 0x....      BL       srand
    159            static u8 number;
    160            number = rand() % 101; //产生0-100的随机数
   \   0000000C   0x.... 0x....      BL       rand
   \   00000010   0x2165             MOVS     R1,#+101
   \   00000012   0xFB90 0xF2F1      SDIV     R2,R0,R1
   \   00000016   0xFB01 0x0012      MLS      R0,R1,R2,R0
   \   0000001A   0x....             LDR.N    R1,??DataTable2_5
   \   0000001C   0x7008             STRB     R0,[R1, #+0]
    161            NumberToAscii(number,u8number);
   \   0000001E   0x....             LDR.N    R1,??DataTable2_6
   \   00000020   0x....             LDR.N    R0,??DataTable2_5
   \   00000022   0x7800             LDRB     R0,[R0, #+0]
   \   00000024   0x.... 0x....      BL       NumberToAscii
    162            DebugPrintf(u8number);
   \   00000028   0x....             LDR.N    R0,??DataTable2_6
   \   0000002A   0x.... 0x....      BL       DebugPrintf
    163            if(WasButtonPressed(BUTTON0))
   \   0000002E   0x2000             MOVS     R0,#+0
   \   00000030   0x.... 0x....      BL       WasButtonPressed
   \   00000034   0x2800             CMP      R0,#+0
   \   00000036   0xD01E             BEQ.N    ??UserAppSM_Idle_0
    164            {
    165              ButtonAcknowledge(BUTTON0);
   \   00000038   0x2000             MOVS     R0,#+0
   \   0000003A   0x.... 0x....      BL       ButtonAcknowledge
    166              LCDCommand(LCD_CLEAR_CMD); 
   \   0000003E   0x2001             MOVS     R0,#+1
   \   00000040   0x.... 0x....      BL       LCDCommand
    167              LCDMessage(LINE2_START_ADDR+2, "8");
   \   00000044   0x....             ADR.N    R1,??DataTable2  ;; "8"
   \   00000046   0x2042             MOVS     R0,#+66
   \   00000048   0x.... 0x....      BL       LCDMessage
    168              flag=TRUE;
   \   0000004C   0x2001             MOVS     R0,#+1
   \   0000004E   0x....             LDR.N    R1,??DataTable2_7
   \   00000050   0x7008             STRB     R0,[R1, #+0]
    169              LedOff(RED);
   \   00000052   0x2007             MOVS     R0,#+7
   \   00000054   0x.... 0x....      BL       LedOff
    170              PWMAudioOff(BUZZER1);
   \   00000058   0x2001             MOVS     R0,#+1
   \   0000005A   0x.... 0x....      BL       PWMAudioOff
    171              UserApp_CursorPosition=LINE2_END_ADDR;
   \   0000005E   0x2053             MOVS     R0,#+83
   \   00000060   0x....             LDR.N    R1,??DataTable2_8
   \   00000062   0x7008             STRB     R0,[R1, #+0]
    172              flag1=FALSE;
   \   00000064   0x2000             MOVS     R0,#+0
   \   00000066   0x....             LDR.N    R1,??DataTable2_9
   \   00000068   0x7008             STRB     R0,[R1, #+0]
    173              flag2=TRUE;
   \   0000006A   0x2001             MOVS     R0,#+1
   \   0000006C   0x....             LDR.N    R1,??DataTable2_10
   \   0000006E   0x7008             STRB     R0,[R1, #+0]
    174              DelayTime=500;
                               ^
Warning[Pe069]: integer conversion resulted in truncation

    static u8 counter1=0;
              ^
"C:\Users\weifeng\Desktop\EIE\EIE_Git\Razor_Atmel\firmware_mpg_common\application\user_app.c",150  Warning[Pe177]: 
          variable "counter1" was declared but never referenced
   \   00000070   0x20F4             MOVS     R0,#+244
   \   00000072   0x....             LDR.N    R1,??DataTable2_11
   \   00000074   0x7008             STRB     R0,[R1, #+0]
    175            }
    176            /*if(WasButtonPressed(BUTTON3))
    177            {
    178              ButtonAcknowledge(BUTTON3);
    179              flag=TRUE;
    180            }*/
    181            if(flag)
   \                     ??UserAppSM_Idle_0: (+1)
   \   00000076   0x....             LDR.N    R0,??DataTable2_7
   \   00000078   0x7800             LDRB     R0,[R0, #+0]
   \   0000007A   0x2800             CMP      R0,#+0
   \   0000007C   0xF000 0x8087      BEQ.W    ??UserAppSM_Idle_1
    182            {
    183              counter0++;
   \   00000080   0x....             LDR.N    R0,??DataTable2_12
   \   00000082   0x7800             LDRB     R0,[R0, #+0]
   \   00000084   0x1C40             ADDS     R0,R0,#+1
   \   00000086   0x....             LDR.N    R1,??DataTable2_12
   \   00000088   0x7008             STRB     R0,[R1, #+0]
    184              if(counter0==DelayTime)
   \   0000008A   0x....             LDR.N    R0,??DataTable2_12
   \   0000008C   0x7800             LDRB     R0,[R0, #+0]
   \   0000008E   0x....             LDR.N    R1,??DataTable2_11
   \   00000090   0x7809             LDRB     R1,[R1, #+0]
   \   00000092   0x4288             CMP      R0,R1
   \   00000094   0xD131             BNE.N    ??UserAppSM_Idle_2
    185              {
    186                counter0=0;
   \   00000096   0x2000             MOVS     R0,#+0
   \   00000098   0x....             LDR.N    R1,??DataTable2_12
   \   0000009A   0x7008             STRB     R0,[R1, #+0]
    187                
    188                LCDCommand(LCD_CLEAR_CMD);
   \   0000009C   0x2001             MOVS     R0,#+1
   \   0000009E   0x.... 0x....      BL       LCDCommand
    189                if(flag1)
   \   000000A2   0x....             LDR.N    R0,??DataTable2_9
   \   000000A4   0x7800             LDRB     R0,[R0, #+0]
   \   000000A6   0x2800             CMP      R0,#+0
   \   000000A8   0xD004             BEQ.N    ??UserAppSM_Idle_3
    190                {
    191                  LCDMessage(LINE1_START_ADDR+2, "8"); 
   \   000000AA   0x....             ADR.N    R1,??DataTable2  ;; "8"
   \   000000AC   0x2002             MOVS     R0,#+2
   \   000000AE   0x.... 0x....      BL       LCDMessage
   \   000000B2   0xE007             B.N      ??UserAppSM_Idle_4
    192                }
    193                else if(flag2)
   \                     ??UserAppSM_Idle_3: (+1)
   \   000000B4   0x....             LDR.N    R0,??DataTable2_10
   \   000000B6   0x7800             LDRB     R0,[R0, #+0]
   \   000000B8   0x2800             CMP      R0,#+0
   \   000000BA   0xD003             BEQ.N    ??UserAppSM_Idle_4
    194                {
    195                  LCDMessage(LINE2_START_ADDR+2, "8");
   \   000000BC   0x....             ADR.N    R1,??DataTable2  ;; "8"
   \   000000BE   0x2042             MOVS     R0,#+66
   \   000000C0   0x.... 0x....      BL       LCDMessage
    196                }
    197                LCDMessage(UserApp_CursorPosition, "0");
   \                     ??UserAppSM_Idle_4: (+1)
   \   000000C4   0x....             ADR.N    R1,??DataTable2_1  ;; "0"
   \   000000C6   0x....             LDR.N    R0,??DataTable2_8
   \   000000C8   0x7800             LDRB     R0,[R0, #+0]
   \   000000CA   0x.... 0x....      BL       LCDMessage
    198                UserApp_CursorPosition--;
   \   000000CE   0x....             LDR.N    R0,??DataTable2_8
   \   000000D0   0x7800             LDRB     R0,[R0, #+0]
   \   000000D2   0x1E40             SUBS     R0,R0,#+1
   \   000000D4   0x....             LDR.N    R1,??DataTable2_8
   \   000000D6   0x7008             STRB     R0,[R1, #+0]
    199                if (UserApp_CursorPosition+1 == LINE2_START_ADDR)
   \   000000D8   0x....             LDR.N    R0,??DataTable2_8
   \   000000DA   0x7800             LDRB     R0,[R0, #+0]
   \   000000DC   0x1C40             ADDS     R0,R0,#+1
   \   000000DE   0x2840             CMP      R0,#+64
   \   000000E0   0xD10B             BNE.N    ??UserAppSM_Idle_2
    200                {
    201                  
    202                  if(DelayTime>50)
   \   000000E2   0x....             LDR.N    R0,??DataTable2_11
   \   000000E4   0x7800             LDRB     R0,[R0, #+0]
   \   000000E6   0x2833             CMP      R0,#+51
   \   000000E8   0xDB04             BLT.N    ??UserAppSM_Idle_5
    203                  {
    204                    DelayTime=DelayTime-10;
   \   000000EA   0x....             LDR.N    R0,??DataTable2_11
   \   000000EC   0x7800             LDRB     R0,[R0, #+0]
   \   000000EE   0x380A             SUBS     R0,R0,#+10
   \   000000F0   0x....             LDR.N    R1,??DataTable2_11
   \   000000F2   0x7008             STRB     R0,[R1, #+0]
    205                  }
    206                  UserApp_CursorPosition = LINE2_END_ADDR;
   \                     ??UserAppSM_Idle_5: (+1)
   \   000000F4   0x2053             MOVS     R0,#+83
   \   000000F6   0x....             LDR.N    R1,??DataTable2_8
   \   000000F8   0x7008             STRB     R0,[R1, #+0]
    207                }
    208                
    209              }
    210              if(WasButtonPressed(BUTTON1))
   \                     ??UserAppSM_Idle_2: (+1)
   \   000000FA   0x2001             MOVS     R0,#+1
   \   000000FC   0x.... 0x....      BL       WasButtonPressed
   \   00000100   0x2800             CMP      R0,#+0
   \   00000102   0xD00F             BEQ.N    ??UserAppSM_Idle_6
    211              {
    212                ButtonAcknowledge(BUTTON1);
   \   00000104   0x2001             MOVS     R0,#+1
   \   00000106   0x.... 0x....      BL       ButtonAcknowledge
    213                flag1=TRUE;
   \   0000010A   0x2001             MOVS     R0,#+1
   \   0000010C   0x....             LDR.N    R1,??DataTable2_9
   \   0000010E   0x7008             STRB     R0,[R1, #+0]
    214                flag2=FALSE;
   \   00000110   0x2000             MOVS     R0,#+0
   \   00000112   0x....             LDR.N    R1,??DataTable2_10
   \   00000114   0x7008             STRB     R0,[R1, #+0]
    215                flag3=FALSE;
   \   00000116   0x2000             MOVS     R0,#+0
   \   00000118   0x....             LDR.N    R1,??DataTable2_13
   \   0000011A   0x7008             STRB     R0,[R1, #+0]
    216                LCDMessage(LINE1_START_ADDR+2, "8"); 
   \   0000011C   0x....             ADR.N    R1,??DataTable2  ;; "8"
   \   0000011E   0x2002             MOVS     R0,#+2
   \   00000120   0x.... 0x....      BL       LCDMessage
    217              }
    218              if(WasButtonPressed(BUTTON2))
   \                     ??UserAppSM_Idle_6: (+1)
   \   00000124   0x2002             MOVS     R0,#+2
   \   00000126   0x.... 0x....      BL       WasButtonPressed
   \   0000012A   0x2800             CMP      R0,#+0
   \   0000012C   0xD00F             BEQ.N    ??UserAppSM_Idle_7
    219              {
    220                ButtonAcknowledge(BUTTON2);
   \   0000012E   0x2002             MOVS     R0,#+2
   \   00000130   0x.... 0x....      BL       ButtonAcknowledge
    221                flag1=FALSE;
   \   00000134   0x2000             MOVS     R0,#+0
   \   00000136   0x....             LDR.N    R1,??DataTable2_9
   \   00000138   0x7008             STRB     R0,[R1, #+0]
    222                flag2=TRUE;
   \   0000013A   0x2001             MOVS     R0,#+1
   \   0000013C   0x....             LDR.N    R1,??DataTable2_10
   \   0000013E   0x7008             STRB     R0,[R1, #+0]
    223                flag3=TRUE;
   \   00000140   0x2001             MOVS     R0,#+1
   \   00000142   0x....             LDR.N    R1,??DataTable2_13
   \   00000144   0x7008             STRB     R0,[R1, #+0]
    224                LCDMessage(LINE2_START_ADDR+2, "8"); 
   \   00000146   0x....             ADR.N    R1,??DataTable2  ;; "8"
   \   00000148   0x2042             MOVS     R0,#+66
   \   0000014A   0x.... 0x....      BL       LCDMessage
    225              }
    226              /*if(WasButtonPressed(BUTTON3))
    227              {
    228                ButtonAcknowledge(BUTTON3);
    229                flag=FALSE;
    230                LCDCommand(LCD_CLEAR_CMD);
    231                LCDMessage(LINE1_START_ADDR+7, "PAUSE"); 
    232                LCDMessage(LINE2_START_ADDR, "Press BUTTON3 start");
    233              }*/
    234              if(UserApp_CursorPosition+1==LINE2_START_ADDR+2)
   \                     ??UserAppSM_Idle_7: (+1)
   \   0000014E   0x....             LDR.N    R0,??DataTable2_8
   \   00000150   0x7800             LDRB     R0,[R0, #+0]
   \   00000152   0x1C40             ADDS     R0,R0,#+1
   \   00000154   0x2842             CMP      R0,#+66
   \   00000156   0xD11A             BNE.N    ??UserAppSM_Idle_1
    235              {
    236                if(flag3)
   \   00000158   0x....             LDR.N    R0,??DataTable2_13
   \   0000015A   0x7800             LDRB     R0,[R0, #+0]
   \   0000015C   0x2800             CMP      R0,#+0
   \   0000015E   0xD016             BEQ.N    ??UserAppSM_Idle_1
    237                {
    238                  flag3=FALSE;
   \   00000160   0x2000             MOVS     R0,#+0
   \   00000162   0x....             LDR.N    R1,??DataTable2_13
   \   00000164   0x7008             STRB     R0,[R1, #+0]
    239                  flag=FALSE;
   \   00000166   0x2000             MOVS     R0,#+0
   \   00000168   0x....             LDR.N    R1,??DataTable2_7
   \   0000016A   0x7008             STRB     R0,[R1, #+0]
    240                  LedOn(RED);
   \   0000016C   0x2007             MOVS     R0,#+7
   \   0000016E   0x.... 0x....      BL       LedOn
    241                  PWMAudioOn(BUZZER1);
   \   00000172   0x2001             MOVS     R0,#+1
   \   00000174   0x.... 0x....      BL       PWMAudioOn
    242                  LCDCommand(LCD_CLEAR_CMD);
   \   00000178   0x2001             MOVS     R0,#+1
   \   0000017A   0x.... 0x....      BL       LCDCommand
    243                  LCDMessage(LINE1_START_ADDR+5, "Game over!"); 
   \   0000017E   0x....             LDR.N    R1,??DataTable2_14
   \   00000180   0x2005             MOVS     R0,#+5
   \   00000182   0x.... 0x....      BL       LCDMessage
    244                  LCDMessage(LINE2_START_ADDR, "Press BUTTON0 start");
   \   00000186   0x....             LDR.N    R1,??DataTable2_15
   \   00000188   0x2040             MOVS     R0,#+64
   \   0000018A   0x.... 0x....      BL       LCDMessage
    245                }
    246              }
    247            }  
    248          } /* end UserAppSM_Idle() */
   \                     ??UserAppSM_Idle_1: (+1)
   \   0000018E   0xBD01             POP      {R0,PC}          ;; return

   \                                 In section .bss, align 1
   \                     ??counter0:
   \   00000000                      DS8 1

   \                                 In section .bss, align 1
   \                     ??flag:
   \   00000000                      DS8 1

   \                                 In section .bss, align 1
   \                     ??flag1:
   \   00000000                      DS8 1

   \                                 In section .data, align 1
   \                     ??flag2:
   \   00000000   0x01               DC8 1

   \                                 In section .bss, align 1
   \                     ??flag3:
   \   00000000                      DS8 1

   \                                 In section .data, align 1
   \                     ??DelayTime:
   \   00000000   0xF4               DC8 244

   \                                 In section .data, align 1
   \                     ??UserApp_CursorPosition:
   \   00000000   0x53               DC8 83

   \                                 In section .bss, align 4
   \                     ??u8number:
   \   00000000                      DS8 1000

   \                                 In section .bss, align 1
   \                     ??number:
   \   00000000                      DS8 1

   \                                 In section .text, align 4, keep-with-next
   \                     ??DataTable2:
   \   00000000   0x38 0x00          DC8      "8",0x0,0x0
   \              0x00 0x00    

   \                                 In section .text, align 4, keep-with-next
   \                     ??DataTable2_1:
   \   00000000   0x30 0x00          DC8      "0",0x0,0x0
   \              0x00 0x00    

   \                                 In section .text, align 4, keep-with-next
   \                     ??DataTable2_2:
   \   00000000   0x........         DC32     ?_0

   \                                 In section .text, align 4, keep-with-next
   \                     ??DataTable2_3:
   \   00000000   0x........         DC32     ?_1

   \                                 In section .text, align 4, keep-with-next
   \                     ??DataTable2_4:
   \   00000000   0x........         DC32     UserApp_StateMachine

   \                                 In section .text, align 4, keep-with-next
   \                     ??DataTable2_5:
   \   00000000   0x........         DC32     ??number

   \                                 In section .text, align 4, keep-with-next
   \                     ??DataTable2_6:
   \   00000000   0x........         DC32     ??u8number

   \                                 In section .text, align 4, keep-with-next
   \                     ??DataTable2_7:
   \   00000000   0x........         DC32     ??flag

   \                                 In section .text, align 4, keep-with-next
   \                     ??DataTable2_8:
   \   00000000   0x........         DC32     ??UserApp_CursorPosition

   \                                 In section .text, align 4, keep-with-next
   \                     ??DataTable2_9:
   \   00000000   0x........         DC32     ??flag1

   \                                 In section .text, align 4, keep-with-next
   \                     ??DataTable2_10:
   \   00000000   0x........         DC32     ??flag2

   \                                 In section .text, align 4, keep-with-next
   \                     ??DataTable2_11:
   \   00000000   0x........         DC32     ??DelayTime

   \                                 In section .text, align 4, keep-with-next
   \                     ??DataTable2_12:
   \   00000000   0x........         DC32     ??counter0

   \                                 In section .text, align 4, keep-with-next
   \                     ??DataTable2_13:
   \   00000000   0x........         DC32     ??flag3

   \                                 In section .text, align 4, keep-with-next
   \                     ??DataTable2_14:
   \   00000000   0x........         DC32     ?_4

   \                                 In section .text, align 4, keep-with-next
   \                     ??DataTable2_15:
   \   00000000   0x........         DC32     ?_5

   \                                 In section .rodata, align 4
   \                     ?_0:
   \   00000000   0x20 0x20          DC8 "  Avoid the brick!"
   \              0x41 0x76    
   \              0x6F 0x69    
   \              0x64 0x20    
   \              0x74 0x68    
   \              0x65 0x20    
   \              0x62 0x72    
   \              0x69 0x63    
   \              0x6B 0x21    
   \              0x00         
   \   00000013   0x00               DC8 0

   \                                 In section .rodata, align 4
   \                     ?_1:
   \   00000000   0x50 0x72          DC8 "Press BUTTON0 start"
   \              0x65 0x73    
   \              0x73 0x20    
   \              0x42 0x55    
   \              0x54 0x54    
   \              0x4F 0x4E    
   \              0x30 0x20    
   \              0x73 0x74    
   \              0x61 0x72    
   \              0x74 0x00    

   \                                 In section .rodata, align 2
   \   00000000   0x38 0x00          DC8 "8"

   \                                 In section .rodata, align 2
   \   00000000   0x30 0x00          DC8 "0"

   \                                 In section .rodata, align 4
   \                     ?_4:
   \   00000000   0x47 0x61          DC8 "Game over!"
   \              0x6D 0x65    
   \              0x20 0x6F    
   \              0x76 0x65    
   \              0x72 0x21    
   \              0x00         
   \   0000000B   0x00               DC8 0

   \                                 In section .rodata, align 4
   \                     ?_5:
   \   00000000   0x50 0x72          DC8 "Press BUTTON0 start"
   \              0x65 0x73    
   \              0x73 0x20    
   \              0x42 0x55    
   \              0x54 0x54    
   \              0x4F 0x4E    
   \              0x30 0x20    
   \              0x73 0x74    
   \              0x61 0x72    
   \              0x74 0x00    
    249               
    250          
    251          /*-------------------------------------------------------------------------------------------------------------------*/
    252          /* Handle an error */
    253          static void UserAppSM_Error(void)          
                             ^
Warning[Pe177]: function "UserAppSM_Error" was declared but never referenced

  static u32 UserApp_u32Timeout;                      /* Timeout counter used across states */
             ^
"C:\Users\weifeng\Desktop\EIE\EIE_Git\Razor_Atmel\firmware_mpg_common\application\user_app.c",61  Warning[Pe177]: 
          variable "UserApp_u32Timeout" was declared but never referenced
    254          {
    255            
    256          } /* end UserAppSM_Error() */
    257          
    258          
    259          /*-------------------------------------------------------------------------------------------------------------------*/
    260          /* State to sit in if init failed */
    261          static void UserAppSM_FailedInit(void)          
    262          {
    263              
    264          } /* end UserAppSM_FailedInit() */
    265          
    266          
    267          /*--------------------------------------------------------------------------------------------------------------------*/
    268          /* End of File                                                                                                        */
    269          /*--------------------------------------------------------------------------------------------------------------------*/

   Maximum stack usage in bytes:

   .cstack Function
   ------- --------
      48   UserAppInitialize
        48   -> LCDCommand
        48   -> LCDMessage
        48   -> PWMAudioSetFrequency
        48   -> __aeabi_memcpy
        48   -> __aeabi_memcpy4
       8   UserAppRunActiveState
         8   -- Indirect call
       8   UserAppSM_Idle
         8   -> ButtonAcknowledge
         8   -> DebugPrintf
         8   -> LCDCommand
         8   -> LCDMessage
         8   -> LedOff
         8   -> LedOn
         8   -> NumberToAscii
         8   -> PWMAudioOff
         8   -> PWMAudioOn
         8   -> WasButtonPressed
         8   -> rand
         8   -> srand
         8   -> time


   Section sizes:

   Bytes  Function/Label
   -----  --------------
       4  ??DataTable2
       4  ??DataTable2_1
       4  ??DataTable2_10
       4  ??DataTable2_11
       4  ??DataTable2_12
       4  ??DataTable2_13
       4  ??DataTable2_14
       4  ??DataTable2_15
       4  ??DataTable2_2
       4  ??DataTable2_3
       4  ??DataTable2_4
       4  ??DataTable2_5
       4  ??DataTable2_6
       4  ??DataTable2_7
       4  ??DataTable2_8
       4  ??DataTable2_9
      20  ?_0
      20  ?_1
       2  ?_2
       2  ?_3
      12  ?_4
      20  ?_5
       1  DelayTime
       4  G_u32UserAppFlags
      68  UserAppInitialize
      10  UserAppRunActiveState
     400  UserAppSM_Idle
       1  UserApp_CursorPosition
       4  UserApp_StateMachine
       1  counter0
       1  flag
       1  flag1
       1  flag2
       1  flag3
       1  number
    1000  u8number

 
 1 013 bytes in section .bss
     3 bytes in section .data
    76 bytes in section .rodata
   542 bytes in section .text
 
   542 bytes of CODE  memory
    76 bytes of CONST memory
 1 016 bytes of DATA  memory

Errors: none
Warnings: 7
